<?xml version="1.0" encoding="UTF-8"?>
<coverage generated="1515438396">
  <project timestamp="1515438396">
    <package name="MSBios\Hybridauth\Factory">
      <file name="/Users/judzhin/Projects/_modules/msbios-hybridauth/src/Factory/HybridauthFactory.php">
        <class name="HybridauthFactory" namespace="MSBios\Hybridauth\Factory" fullPackage="MSBios" package="MSBios">
          <metrics complexity="1" methods="1" coveredmethods="0" conditionals="0" coveredconditionals="0" statements="3" coveredstatements="0" elements="4" coveredelements="0"/>
        </class>
        <line num="34" type="method" name="__invoke" visibility="public" complexity="1" crap="2" count="0"/>
        <line num="35" type="stmt" count="0"/>
        <line num="36" type="stmt" count="0"/>
        <line num="37" type="stmt" count="0"/>
        <metrics loc="38" ncloc="18" classes="1" methods="1" coveredmethods="0" conditionals="0" coveredconditionals="0" statements="3" coveredstatements="0" elements="4" coveredelements="0"/>
      </file>
    </package>
    <package name="MSBios\Hybridauth">
      <file name="/Users/judzhin/Projects/_modules/msbios-hybridauth/src/Hybridauth.php">
        <class name="Hybridauth" namespace="MSBios\Hybridauth" fullPackage="MSBios" package="MSBios">
          <metrics complexity="0" methods="0" coveredmethods="0" conditionals="0" coveredconditionals="0" statements="0" coveredstatements="0" elements="0" coveredelements="0"/>
        </class>
        <metrics loc="15" ncloc="7" classes="0" methods="0" coveredmethods="0" conditionals="0" coveredconditionals="0" statements="0" coveredstatements="0" elements="0" coveredelements="0"/>
      </file>
      <file name="/Users/judzhin/Projects/_modules/msbios-hybridauth/src/Module.php">
        <class name="Module" namespace="MSBios\Hybridauth" fullPackage="MSBios" package="MSBios">
          <metrics complexity="2" methods="2" coveredmethods="0" conditionals="0" coveredconditionals="0" statements="12" coveredstatements="0" elements="14" coveredelements="0"/>
        </class>
        <line num="24" type="method" name="getConfig" visibility="public" complexity="1" crap="2" count="0"/>
        <line num="25" type="stmt" count="0"/>
        <line num="26" type="stmt" count="0"/>
        <line num="27" type="stmt" count="0"/>
        <line num="54" type="method" name="getAutoloaderConfig" visibility="public" complexity="1" crap="2" count="0"/>
        <line num="55" type="stmt" count="0"/>
        <line num="56" type="stmt" count="0"/>
        <line num="57" type="stmt" count="0"/>
        <line num="58" type="stmt" count="0"/>
        <line num="59" type="stmt" count="0"/>
        <line num="60" type="stmt" count="0"/>
        <line num="61" type="stmt" count="0"/>
        <line num="62" type="stmt" count="0"/>
        <line num="63" type="stmt" count="0"/>
        <metrics loc="64" ncloc="9" classes="1" methods="2" coveredmethods="0" conditionals="0" coveredconditionals="0" statements="12" coveredstatements="0" elements="14" coveredelements="0"/>
      </file>
    </package>
    <metrics files="3" loc="117" ncloc="34" classes="2" methods="3" coveredmethods="0" conditionals="0" coveredconditionals="0" statements="15" coveredstatements="0" elements="18" coveredelements="0"/>
  </project>
</coverage>
